<?xml version="1.0" encoding="UTF-8"?>
<!-- Generated by org.testng.reporters.JUnitReportReporter -->
<testsuite hostname="amol-PC" failures="0" tests="1" name="Module1_Login_Test.KiteLoginTest2" time="26.628" errors="0" timestamp="2022-08-18T12:47:55 IST" skipped="0">
  <testcase classname="Module1_Login_Test.KiteLoginTest2" name="verifyUserID" time="26.628"/>
  <system-out>
    <![CDATA[running verify User ID TC]]>
  </system-out>
</testsuite> <!-- Module1_Login_Test.KiteLoginTest2 -->
